<?xml version="1.0" encoding="UTF-8"?>
<!-- Generated by org.testng.reporters.JUnitXMLReporter -->
<testsuite hostname="DESKTOP-GC3L78E" ignored="0" name="Regretion1" tests="7" failures="4" timestamp="13 Nov 2018 16:05:28 GMT" time="28.813" errors="0">
  <testcase name="verifyValidLogin" time="1.823" classname="testNG.OnlineBankingTest_testNGDetaprovider">
    <failure type="java.lang.NullPointerException">
      <![CDATA[java.lang.NullPointerException
at Automation.Tisting.OnlineBankingTest.CaptureScreenshot.screenshot(CaptureScreenshot.java:39)
at testNG.OnlineBankingTest_testNGDetaprovider.verifyValidLogin(OnlineBankingTest_testNGDetaprovider.java:105)
... Removed 25 stack frames]]>
    </failure>
  </testcase> <!-- verifyValidLogin -->
  <testcase name="verifyValidLogin" time="0.836" classname="testNG.OnlineBankingTest_testNGDetaprovider">
    <failure type="java.lang.NullPointerException">
      <![CDATA[java.lang.NullPointerException
at Automation.Tisting.OnlineBankingTest.CaptureScreenshot.screenshot(CaptureScreenshot.java:39)
at testNG.OnlineBankingTest_testNGDetaprovider.verifyValidLogin(OnlineBankingTest_testNGDetaprovider.java:105)
... Removed 25 stack frames]]>
    </failure>
  </testcase> <!-- verifyValidLogin -->
  <testcase name="verifyValidLogin" time="0.704" classname="testNG.OnlineBankingTest_testNGDetaprovider">
    <failure type="java.lang.NullPointerException">
      <![CDATA[java.lang.NullPointerException
at Automation.Tisting.OnlineBankingTest.CaptureScreenshot.screenshot(CaptureScreenshot.java:39)
at testNG.OnlineBankingTest_testNGDetaprovider.verifyValidLogin(OnlineBankingTest_testNGDetaprovider.java:105)
... Removed 25 stack frames]]>
    </failure>
  </testcase> <!-- verifyValidLogin -->
  <testcase name="verifyValidLogin" time="2.346" classname="testNG.OnlineBankingTest_testNGDetaprovider"/>
  <testcase name="verifyValidLogin" time="2.411" classname="testNG.OnlineBankingTest_testNGDetaprovider"/>
  <testcase name="verifyValidLogin" time="2.211" classname="testNG.OnlineBankingTest_testNGDetaprovider"/>
  <testcase name="verifyValidLogin" time="0.689" classname="testNG.OnlineBankingTest_testNGDetaprovider">
    <failure type="java.lang.NullPointerException">
      <![CDATA[java.lang.NullPointerException
at Automation.Tisting.OnlineBankingTest.CaptureScreenshot.screenshot(CaptureScreenshot.java:39)
at testNG.OnlineBankingTest_testNGDetaprovider.verifyValidLogin(OnlineBankingTest_testNGDetaprovider.java:88)
... Removed 25 stack frames]]>
    </failure>
  </testcase> <!-- verifyValidLogin -->
</testsuite> <!-- Regretion1 -->
