<?xml version="1.0" encoding="UTF-8"?>
<!-- Generated by org.testng.reporters.JUnitXMLReporter -->
<testsuite hostname="DESKTOP-GC3L78E" ignored="1" name="Regression" tests="2" failures="0" timestamp="09 Nov 2018 23:46:05 GMT" time="0.07" errors="0">
  <testcase name="Test2" time="0.01" classname="Automation.Tisting.OnlineBankingTest.TestNGExample1"/>
  <testcase name="Test3" time="0.0" classname="Automation.Tisting.OnlineBankingTest.TestNGExample1"/>
  <testcase name="Test1" time="0.0" classname="Automation.Tisting.OnlineBankingTest.TestNGExample1">
    <ignored/>
  </testcase> <!-- Test1 -->
</testsuite> <!-- Regression -->
