<?xml version="1.0" encoding="UTF-8"?>
<!-- Generated by org.testng.reporters.JUnitXMLReporter -->
<testsuite hostname="DESKTOP-GC3L78E" ignored="0" name="Smoke" tests="3" failures="0" timestamp="09 Nov 2018 23:04:16 GMT" time="0.01" errors="0">
  <testcase name="Test1" time="0.008" classname="Automation.Tisting.OnlineBankingTest.TestNGExample1"/>
  <testcase name="Test2" time="0.0" classname="Automation.Tisting.OnlineBankingTest.TestNGExample1"/>
  <testcase name="Test3" time="0.0" classname="Automation.Tisting.OnlineBankingTest.TestNGExample1"/>
</testsuite> <!-- Smoke -->
