<?xml version="1.0" encoding="UTF-8"?>
<!-- Generated by org.testng.reporters.JUnitXMLReporter -->
<testsuite hostname="DESKTOP-GC3L78E" ignored="0" name="testWithChrome" tests="1" failures="1" timestamp="11 Nov 2018 09:16:26 GMT" time="7.531" errors="0">
  <testcase name="verifyValidLogin" time="0.0" classname="testNG.OnlineBankingTest_testNGDetaprovider">
    <failure type="org.testng.TestNGException" message="
Cannot inject @Test annotated Method [verifyValidLogin] with [class java.lang.String, class java.lang.String, class java.lang.String, class java.lang.String].
For more information on native dependency injection please refer to http://testng.org/doc/documentation-main.html#native-dependency-injection">
      <![CDATA[org.testng.TestNGException: 
Cannot inject @Test annotated Method [verifyValidLogin] with [class java.lang.String, class java.lang.String, class java.lang.String, class java.lang.String].
For more information on native dependency injection please refer to http://testng.org/doc/documentation-main.html#native-dependency-injection
... Removed 24 stack frames]]>
    </failure>
  </testcase> <!-- verifyValidLogin -->
</testsuite> <!-- testWithChrome -->
