<?xml version="1.0" encoding="UTF-8"?>
<!-- Generated by org.testng.reporters.JUnitXMLReporter -->
<testsuite hostname="DESKTOP-GC3L78E" ignored="0" name="testWithIE" tests="3" failures="3" timestamp="11 Nov 2018 07:08:13 GMT" time="8.25" errors="0">
  <testcase name="verifyInvalidLogin" time="0.547" classname="Automation.Tisting.OnlineBankingTest.OnlineBankingTest_testNG">
    <failure type="java.lang.NullPointerException">
      <![CDATA[java.lang.NullPointerException
at Automation.Tisting.OnlineBankingTest.CaptureScreenshot.takescreenshot(CaptureScreenshot.java:24)
at Automation.Tisting.OnlineBankingTest.OnlineBankingTest_testNG.verifyInvalidLogin(OnlineBankingTest_testNG.java:79)
... Removed 25 stack frames]]>
    </failure>
  </testcase> <!-- verifyInvalidLogin -->
  <testcase name="verifyLoginPageLinks" time="0.193" classname="Automation.Tisting.OnlineBankingTest.OnlineBankingTest_testNG">
    <failure type="java.lang.NullPointerException">
      <![CDATA[java.lang.NullPointerException
at Automation.Tisting.OnlineBankingTest.CaptureScreenshot.takescreenshot(CaptureScreenshot.java:24)
at Automation.Tisting.OnlineBankingTest.OnlineBankingTest_testNG.verifyLoginPageLinks(OnlineBankingTest_testNG.java:64)
... Removed 25 stack frames]]>
    </failure>
  </testcase> <!-- verifyLoginPageLinks -->
  <testcase name="verifyValidLogin" time="0.553" classname="Automation.Tisting.OnlineBankingTest.OnlineBankingTest_testNG">
    <failure type="java.lang.NullPointerException">
      <![CDATA[java.lang.NullPointerException
at Automation.Tisting.OnlineBankingTest.CaptureScreenshot.takescreenshot(CaptureScreenshot.java:24)
at Automation.Tisting.OnlineBankingTest.OnlineBankingTest_testNG.verifyValidLogin(OnlineBankingTest_testNG.java:94)
... Removed 25 stack frames]]>
    </failure>
  </testcase> <!-- verifyValidLogin -->
</testsuite> <!-- testWithIE -->
