<?xml version="1.0" encoding="UTF-8"?>
<testng-results skipped="0" failed="4" ignored="0" total="7" passed="3">
  <reporter-output>
  </reporter-output>
  <suite name="suite1" duration-ms="28813" started-at="2018-11-13T16:04:59Z" finished-at="2018-11-13T16:05:28Z">
    <groups>
    </groups>
    <test name="Regretion1" duration-ms="28813" started-at="2018-11-13T16:04:59Z" finished-at="2018-11-13T16:05:28Z">
      <class name="testNG.OnlineBankingTest_testNGDetaprovider">
        <test-method status="PASS" signature="Setup()[pri:0, instance:testNG.OnlineBankingTest_testNGDetaprovider@18c1321]" name="Setup" is-config="true" duration-ms="414" started-at="2018-11-13T16:04:59Z" finished-at="2018-11-13T16:04:59Z">
          <reporter-output>
          </reporter-output>
        </test-method> <!-- Setup -->
        <test-method status="PASS" signature="DriverSetup(java.lang.String)[pri:0, instance:testNG.OnlineBankingTest_testNGDetaprovider@18c1321]" name="DriverSetup" is-config="true" duration-ms="17070" started-at="2018-11-13T16:04:59Z" finished-at="2018-11-13T16:05:16Z">
          <params>
            <param index="0">
              <value>
                <![CDATA[chrome]]>
              </value>
            </param>
          </params>
          <reporter-output>
          </reporter-output>
        </test-method> <!-- DriverSetup -->
        <test-method status="FAIL" signature="verifyValidLogin(java.lang.String, java.lang.String, java.lang.String, java.lang.String)[pri:0, instance:testNG.OnlineBankingTest_testNGDetaprovider@18c1321]" name="verifyValidLogin" duration-ms="1823" started-at="2018-11-13T16:05:16Z" data-provider="Logindata" finished-at="2018-11-13T16:05:18Z">
          <params>
            <param index="0">
              <value>
                <![CDATA[tc_01]]>
              </value>
            </param>
            <param index="1">
              <value>
                <![CDATA[Negative Testcase]]>
              </value>
            </param>
            <param index="2">
              <value>
                <![CDATA[jsmith]]>
              </value>
            </param>
            <param index="3">
              <value>
                <![CDATA[Demo123]]>
              </value>
            </param>
          </params>
          <exception class="java.lang.NullPointerException">
            <full-stacktrace>
              <![CDATA[java.lang.NullPointerException
at Automation.Tisting.OnlineBankingTest.CaptureScreenshot.screenshot(CaptureScreenshot.java:39)
at testNG.OnlineBankingTest_testNGDetaprovider.verifyValidLogin(OnlineBankingTest_testNGDetaprovider.java:105)
at sun.reflect.NativeMethodAccessorImpl.invoke0(Native Method)
at sun.reflect.NativeMethodAccessorImpl.invoke(Unknown Source)
at sun.reflect.DelegatingMethodAccessorImpl.invoke(Unknown Source)
at java.lang.reflect.Method.invoke(Unknown Source)
at org.testng.internal.MethodInvocationHelper.invokeMethod(MethodInvocationHelper.java:124)
at org.testng.internal.Invoker.invokeMethod(Invoker.java:580)
at org.testng.internal.Invoker.invokeTestMethod(Invoker.java:716)
at org.testng.internal.Invoker.invokeTestMethods(Invoker.java:988)
at org.testng.internal.TestMethodWorker.invokeTestMethods(TestMethodWorker.java:125)
at org.testng.internal.TestMethodWorker.run(TestMethodWorker.java:109)
at org.testng.TestRunner.privateRun(TestRunner.java:648)
at org.testng.TestRunner.run(TestRunner.java:505)
at org.testng.SuiteRunner.runTest(SuiteRunner.java:455)
at org.testng.SuiteRunner.runSequentially(SuiteRunner.java:450)
at org.testng.SuiteRunner.privateRun(SuiteRunner.java:415)
at org.testng.SuiteRunner.run(SuiteRunner.java:364)
at org.testng.SuiteRunnerWorker.runSuite(SuiteRunnerWorker.java:52)
at org.testng.SuiteRunnerWorker.run(SuiteRunnerWorker.java:84)
at org.testng.TestNG.runSuitesSequentially(TestNG.java:1208)
at org.testng.TestNG.runSuitesLocally(TestNG.java:1137)
at org.testng.TestNG.runSuites(TestNG.java:1049)
at org.testng.TestNG.run(TestNG.java:1017)
at org.testng.remote.AbstractRemoteTestNG.run(AbstractRemoteTestNG.java:114)
at org.testng.remote.RemoteTestNG.initAndRun(RemoteTestNG.java:251)
at org.testng.remote.RemoteTestNG.main(RemoteTestNG.java:77)
]]>
            </full-stacktrace>
          </exception> <!-- java.lang.NullPointerException -->
          <reporter-output>
          </reporter-output>
        </test-method> <!-- verifyValidLogin -->
        <test-method status="FAIL" signature="verifyValidLogin(java.lang.String, java.lang.String, java.lang.String, java.lang.String)[pri:0, instance:testNG.OnlineBankingTest_testNGDetaprovider@18c1321]" name="verifyValidLogin" duration-ms="836" started-at="2018-11-13T16:05:18Z" data-provider="Logindata" finished-at="2018-11-13T16:05:19Z">
          <params>
            <param index="0">
              <value>
                <![CDATA[tc_02]]>
              </value>
            </param>
            <param index="1">
              <value>
                <![CDATA[Negative Testcase]]>
              </value>
            </param>
            <param index="2">
              <value>
                <![CDATA[jsmith1]]>
              </value>
            </param>
            <param index="3">
              <value>
                <![CDATA[Demo1234]]>
              </value>
            </param>
          </params>
          <exception class="java.lang.NullPointerException">
            <full-stacktrace>
              <![CDATA[java.lang.NullPointerException
at Automation.Tisting.OnlineBankingTest.CaptureScreenshot.screenshot(CaptureScreenshot.java:39)
at testNG.OnlineBankingTest_testNGDetaprovider.verifyValidLogin(OnlineBankingTest_testNGDetaprovider.java:105)
at sun.reflect.NativeMethodAccessorImpl.invoke0(Native Method)
at sun.reflect.NativeMethodAccessorImpl.invoke(Unknown Source)
at sun.reflect.DelegatingMethodAccessorImpl.invoke(Unknown Source)
at java.lang.reflect.Method.invoke(Unknown Source)
at org.testng.internal.MethodInvocationHelper.invokeMethod(MethodInvocationHelper.java:124)
at org.testng.internal.Invoker.invokeMethod(Invoker.java:580)
at org.testng.internal.Invoker.invokeTestMethod(Invoker.java:716)
at org.testng.internal.Invoker.invokeTestMethods(Invoker.java:988)
at org.testng.internal.TestMethodWorker.invokeTestMethods(TestMethodWorker.java:125)
at org.testng.internal.TestMethodWorker.run(TestMethodWorker.java:109)
at org.testng.TestRunner.privateRun(TestRunner.java:648)
at org.testng.TestRunner.run(TestRunner.java:505)
at org.testng.SuiteRunner.runTest(SuiteRunner.java:455)
at org.testng.SuiteRunner.runSequentially(SuiteRunner.java:450)
at org.testng.SuiteRunner.privateRun(SuiteRunner.java:415)
at org.testng.SuiteRunner.run(SuiteRunner.java:364)
at org.testng.SuiteRunnerWorker.runSuite(SuiteRunnerWorker.java:52)
at org.testng.SuiteRunnerWorker.run(SuiteRunnerWorker.java:84)
at org.testng.TestNG.runSuitesSequentially(TestNG.java:1208)
at org.testng.TestNG.runSuitesLocally(TestNG.java:1137)
at org.testng.TestNG.runSuites(TestNG.java:1049)
at org.testng.TestNG.run(TestNG.java:1017)
at org.testng.remote.AbstractRemoteTestNG.run(AbstractRemoteTestNG.java:114)
at org.testng.remote.RemoteTestNG.initAndRun(RemoteTestNG.java:251)
at org.testng.remote.RemoteTestNG.main(RemoteTestNG.java:77)
]]>
            </full-stacktrace>
          </exception> <!-- java.lang.NullPointerException -->
          <reporter-output>
          </reporter-output>
        </test-method> <!-- verifyValidLogin -->
        <test-method status="FAIL" signature="verifyValidLogin(java.lang.String, java.lang.String, java.lang.String, java.lang.String)[pri:0, instance:testNG.OnlineBankingTest_testNGDetaprovider@18c1321]" name="verifyValidLogin" duration-ms="704" started-at="2018-11-13T16:05:19Z" data-provider="Logindata" finished-at="2018-11-13T16:05:20Z">
          <params>
            <param index="0">
              <value>
                <![CDATA[tc_03]]>
              </value>
            </param>
            <param index="1">
              <value>
                <![CDATA[Negative Testcase]]>
              </value>
            </param>
            <param index="2">
              <value>
                <![CDATA[jsmith1]]>
              </value>
            </param>
            <param index="3">
              <value>
                <![CDATA[Demo12345]]>
              </value>
            </param>
          </params>
          <exception class="java.lang.NullPointerException">
            <full-stacktrace>
              <![CDATA[java.lang.NullPointerException
at Automation.Tisting.OnlineBankingTest.CaptureScreenshot.screenshot(CaptureScreenshot.java:39)
at testNG.OnlineBankingTest_testNGDetaprovider.verifyValidLogin(OnlineBankingTest_testNGDetaprovider.java:105)
at sun.reflect.NativeMethodAccessorImpl.invoke0(Native Method)
at sun.reflect.NativeMethodAccessorImpl.invoke(Unknown Source)
at sun.reflect.DelegatingMethodAccessorImpl.invoke(Unknown Source)
at java.lang.reflect.Method.invoke(Unknown Source)
at org.testng.internal.MethodInvocationHelper.invokeMethod(MethodInvocationHelper.java:124)
at org.testng.internal.Invoker.invokeMethod(Invoker.java:580)
at org.testng.internal.Invoker.invokeTestMethod(Invoker.java:716)
at org.testng.internal.Invoker.invokeTestMethods(Invoker.java:988)
at org.testng.internal.TestMethodWorker.invokeTestMethods(TestMethodWorker.java:125)
at org.testng.internal.TestMethodWorker.run(TestMethodWorker.java:109)
at org.testng.TestRunner.privateRun(TestRunner.java:648)
at org.testng.TestRunner.run(TestRunner.java:505)
at org.testng.SuiteRunner.runTest(SuiteRunner.java:455)
at org.testng.SuiteRunner.runSequentially(SuiteRunner.java:450)
at org.testng.SuiteRunner.privateRun(SuiteRunner.java:415)
at org.testng.SuiteRunner.run(SuiteRunner.java:364)
at org.testng.SuiteRunnerWorker.runSuite(SuiteRunnerWorker.java:52)
at org.testng.SuiteRunnerWorker.run(SuiteRunnerWorker.java:84)
at org.testng.TestNG.runSuitesSequentially(TestNG.java:1208)
at org.testng.TestNG.runSuitesLocally(TestNG.java:1137)
at org.testng.TestNG.runSuites(TestNG.java:1049)
at org.testng.TestNG.run(TestNG.java:1017)
at org.testng.remote.AbstractRemoteTestNG.run(AbstractRemoteTestNG.java:114)
at org.testng.remote.RemoteTestNG.initAndRun(RemoteTestNG.java:251)
at org.testng.remote.RemoteTestNG.main(RemoteTestNG.java:77)
]]>
            </full-stacktrace>
          </exception> <!-- java.lang.NullPointerException -->
          <reporter-output>
          </reporter-output>
        </test-method> <!-- verifyValidLogin -->
        <test-method status="PASS" signature="verifyValidLogin(java.lang.String, java.lang.String, java.lang.String, java.lang.String)[pri:0, instance:testNG.OnlineBankingTest_testNGDetaprovider@18c1321]" name="verifyValidLogin" duration-ms="2346" started-at="2018-11-13T16:05:20Z" data-provider="Logindata" finished-at="2018-11-13T16:05:22Z">
          <params>
            <param index="0">
              <value>
                <![CDATA[tc_04]]>
              </value>
            </param>
            <param index="1">
              <value>
                <![CDATA[Negative Testcase with alert]]>
              </value>
            </param>
            <param index="2">
              <value>
                <![CDATA[]]>
              </value>
            </param>
            <param index="3">
              <value>
                <![CDATA[Demo123]]>
              </value>
            </param>
          </params>
          <reporter-output>
          </reporter-output>
        </test-method> <!-- verifyValidLogin -->
        <test-method status="PASS" signature="verifyValidLogin(java.lang.String, java.lang.String, java.lang.String, java.lang.String)[pri:0, instance:testNG.OnlineBankingTest_testNGDetaprovider@18c1321]" name="verifyValidLogin" duration-ms="2411" started-at="2018-11-13T16:05:22Z" data-provider="Logindata" finished-at="2018-11-13T16:05:24Z">
          <params>
            <param index="0">
              <value>
                <![CDATA[tc_05]]>
              </value>
            </param>
            <param index="1">
              <value>
                <![CDATA[Negative Testcase with alert]]>
              </value>
            </param>
            <param index="2">
              <value>
                <![CDATA[jsmith]]>
              </value>
            </param>
            <param index="3">
              <value>
                <![CDATA[]]>
              </value>
            </param>
          </params>
          <reporter-output>
          </reporter-output>
        </test-method> <!-- verifyValidLogin -->
        <test-method status="PASS" signature="verifyValidLogin(java.lang.String, java.lang.String, java.lang.String, java.lang.String)[pri:0, instance:testNG.OnlineBankingTest_testNGDetaprovider@18c1321]" name="verifyValidLogin" duration-ms="2211" started-at="2018-11-13T16:05:24Z" data-provider="Logindata" finished-at="2018-11-13T16:05:27Z">
          <params>
            <param index="0">
              <value>
                <![CDATA[tc_06]]>
              </value>
            </param>
            <param index="1">
              <value>
                <![CDATA[Negative Testcase with alert]]>
              </value>
            </param>
            <param index="2">
              <value>
                <![CDATA[]]>
              </value>
            </param>
            <param index="3">
              <value>
                <![CDATA[]]>
              </value>
            </param>
          </params>
          <reporter-output>
          </reporter-output>
        </test-method> <!-- verifyValidLogin -->
        <test-method status="FAIL" signature="verifyValidLogin(java.lang.String, java.lang.String, java.lang.String, java.lang.String)[pri:0, instance:testNG.OnlineBankingTest_testNGDetaprovider@18c1321]" name="verifyValidLogin" duration-ms="689" started-at="2018-11-13T16:05:27Z" data-provider="Logindata" finished-at="2018-11-13T16:05:27Z">
          <params>
            <param index="0">
              <value>
                <![CDATA[tc_07]]>
              </value>
            </param>
            <param index="1">
              <value>
                <![CDATA[Positive Testcase]]>
              </value>
            </param>
            <param index="2">
              <value>
                <![CDATA[jsmith]]>
              </value>
            </param>
            <param index="3">
              <value>
                <![CDATA[Demo1234]]>
              </value>
            </param>
          </params>
          <exception class="java.lang.NullPointerException">
            <full-stacktrace>
              <![CDATA[java.lang.NullPointerException
at Automation.Tisting.OnlineBankingTest.CaptureScreenshot.screenshot(CaptureScreenshot.java:39)
at testNG.OnlineBankingTest_testNGDetaprovider.verifyValidLogin(OnlineBankingTest_testNGDetaprovider.java:88)
at sun.reflect.NativeMethodAccessorImpl.invoke0(Native Method)
at sun.reflect.NativeMethodAccessorImpl.invoke(Unknown Source)
at sun.reflect.DelegatingMethodAccessorImpl.invoke(Unknown Source)
at java.lang.reflect.Method.invoke(Unknown Source)
at org.testng.internal.MethodInvocationHelper.invokeMethod(MethodInvocationHelper.java:124)
at org.testng.internal.Invoker.invokeMethod(Invoker.java:580)
at org.testng.internal.Invoker.invokeTestMethod(Invoker.java:716)
at org.testng.internal.Invoker.invokeTestMethods(Invoker.java:988)
at org.testng.internal.TestMethodWorker.invokeTestMethods(TestMethodWorker.java:125)
at org.testng.internal.TestMethodWorker.run(TestMethodWorker.java:109)
at org.testng.TestRunner.privateRun(TestRunner.java:648)
at org.testng.TestRunner.run(TestRunner.java:505)
at org.testng.SuiteRunner.runTest(SuiteRunner.java:455)
at org.testng.SuiteRunner.runSequentially(SuiteRunner.java:450)
at org.testng.SuiteRunner.privateRun(SuiteRunner.java:415)
at org.testng.SuiteRunner.run(SuiteRunner.java:364)
at org.testng.SuiteRunnerWorker.runSuite(SuiteRunnerWorker.java:52)
at org.testng.SuiteRunnerWorker.run(SuiteRunnerWorker.java:84)
at org.testng.TestNG.runSuitesSequentially(TestNG.java:1208)
at org.testng.TestNG.runSuitesLocally(TestNG.java:1137)
at org.testng.TestNG.runSuites(TestNG.java:1049)
at org.testng.TestNG.run(TestNG.java:1017)
at org.testng.remote.AbstractRemoteTestNG.run(AbstractRemoteTestNG.java:114)
at org.testng.remote.RemoteTestNG.initAndRun(RemoteTestNG.java:251)
at org.testng.remote.RemoteTestNG.main(RemoteTestNG.java:77)
]]>
            </full-stacktrace>
          </exception> <!-- java.lang.NullPointerException -->
          <reporter-output>
          </reporter-output>
        </test-method> <!-- verifyValidLogin -->
        <test-method status="PASS" signature="closedriver()[pri:0, instance:testNG.OnlineBankingTest_testNGDetaprovider@18c1321]" name="closedriver" is-config="true" duration-ms="667" started-at="2018-11-13T16:05:27Z" finished-at="2018-11-13T16:05:28Z">
          <reporter-output>
          </reporter-output>
        </test-method> <!-- closedriver -->
      </class> <!-- testNG.OnlineBankingTest_testNGDetaprovider -->
    </test> <!-- Regretion1 -->
  </suite> <!-- suite1 -->
</testng-results>
